app/build/outputs/logs/manifest-merger-debug-report.txt
-- Merging decision tree log ---
manifest
ADDED from src/main/AndroidManifest.xml:2:1-75:12
	package
		ADDED from src/main/AndroidManifest.xml:3:5-50
		INJECTED from src/main/AndroidManifest.xml
		INJECTED from src/main/AndroidManifest.xml
	android:versionName
		ADDED from src/main/AndroidManifest.xml:5:5-30
	android:versionCode
		ADDED from src/main/AndroidManifest.xml:4:5-28
		INJECTED from src/main/AndroidManifest.xml
		INJECTED from src/main/AndroidManifest.xml
	xmlns:android
		ADDED from src/main/AndroidManifest.xml:2:11-69
uses-sdk
ADDED from src/main/AndroidManifest.xml:7:5-9:41
MERGED from [com.android.support:support-v4:21.0.3] AndroidManifest.xml:15:5-42
MERGED from [com.android.support:appcompat-v7:21.0.3] AndroidManifest.xml:15:5-42
MERGED from [com.android.support:support-v4:21.0.3] AndroidManifest.xml:15:5-42
	android:targetSdkVersion
		ADDED from src/main/AndroidManifest.xml:9:9-38
		INJECTED from src/main/AndroidManifest.xml
		INJECTED from src/main/AndroidManifest.xml
	android:minSdkVersion
		ADDED from src/main/AndroidManifest.xml:8:9-34
		INJECTED from src/main/AndroidManifest.xml
		INJECTED from src/main/AndroidManifest.xml
uses-permission#android.permission.SEND_SMS
ADDED from src/main/AndroidManifest.xml:11:5-14:23
	android:name
		ADDED from src/main/AndroidManifest.xml:11:22-64
uses-permission#android.permission.READ_PHONE_STATE
ADDED from src/main/AndroidManifest.xml:16:2-71
	android:name
		ADDED from src/main/AndroidManifest.xml:16:19-69
application
ADDED from src/main/AndroidManifest.xml:17:5-73:19
MERGED from [com.android.support:support-v4:21.0.3] AndroidManifest.xml:16:5-19
MERGED from [com.android.support:appcompat-v7:21.0.3] AndroidManifest.xml:16:5-19
MERGED from [com.android.support:support-v4:21.0.3] AndroidManifest.xml:16:5-19
	android:label
		ADDED from src/main/AndroidManifest.xml:20:9-41
	android:allowBackup
		ADDED from src/main/AndroidManifest.xml:18:9-35
	android:icon
		ADDED from src/main/AndroidManifest.xml:19:9-45
	android:theme
		ADDED from src/main/AndroidManifest.xml:21:9-40
activity#br.com.twautomacao.safetycontrolsms.activity.MainActivity
ADDED from src/main/AndroidManifest.xml:22:9-30:20
	android:label
		ADDED from src/main/AndroidManifest.xml:24:13-45
	android:name
		ADDED from src/main/AndroidManifest.xml:23:13-50
intent-filter#android.intent.action.MAIN+android.intent.category.LAUNCHER
ADDED from src/main/AndroidManifest.xml:25:13-29:29
action#android.intent.action.MAIN
ADDED from src/main/AndroidManifest.xml:26:17-69
	android:name
		ADDED from src/main/AndroidManifest.xml:26:25-66
category#android.intent.category.LAUNCHER
ADDED from src/main/AndroidManifest.xml:28:17-77
	android:name
		ADDED from src/main/AndroidManifest.xml:28:27-74
activity#br.com.twautomacao.safetycontrolsms.activity.AgendaActivity
ADDED from src/main/AndroidManifest.xml:32:9-36:20
	android:label
		ADDED from src/main/AndroidManifest.xml:34:13-35
	android:theme
		ADDED from src/main/AndroidManifest.xml:35:13-60
	android:name
		ADDED from src/main/AndroidManifest.xml:33:13-52
activity#br.com.twautomacao.safetycontrolsms.activity.AgendaaActivity
ADDED from src/main/AndroidManifest.xml:37:9-41:20
	android:label
		ADDED from src/main/AndroidManifest.xml:39:13-59
	android:theme
		ADDED from src/main/AndroidManifest.xml:40:13-60
	android:name
		ADDED from src/main/AndroidManifest.xml:38:13-53
activity#br.com.twautomacao.safetycontrolsms.activity.CadastrarActivity
ADDED from src/main/AndroidManifest.xml:42:9-46:20
	android:label
		ADDED from src/main/AndroidManifest.xml:44:13-61
	android:theme
		ADDED from src/main/AndroidManifest.xml:45:13-60
	android:name
		ADDED from src/main/AndroidManifest.xml:43:13-55
activity#br.com.twautomacao.safetycontrolsms.ComandoListActivity
ADDED from src/main/AndroidManifest.xml:47:9-51:20
	android:label
		ADDED from src/main/AndroidManifest.xml:49:13-55
	android:theme
		ADDED from src/main/AndroidManifest.xml:50:13-57
	android:name
		ADDED from src/main/AndroidManifest.xml:48:13-48
activity#br.com.twautomacao.safetycontrolsms.ComandoDetailActivity
ADDED from src/main/AndroidManifest.xml:52:9-60:20
	android:label
		ADDED from src/main/AndroidManifest.xml:54:13-57
	android:parentActivityName
		ADDED from src/main/AndroidManifest.xml:56:13-62
	android:theme
		ADDED from src/main/AndroidManifest.xml:55:13-57
	android:name
		ADDED from src/main/AndroidManifest.xml:53:13-50
meta-data#android.support.PARENT_ACTIVITY
ADDED from src/main/AndroidManifest.xml:57:13-59:91
	android:value
		ADDED from src/main/AndroidManifest.xml:59:17-88
	android:name
		ADDED from src/main/AndroidManifest.xml:58:17-63
activity#br.com.twautomacao.safetycontrolsms.CadastrarUsuario
ADDED from src/main/AndroidManifest.xml:61:9-66:20
	android:label
		ADDED from src/main/AndroidManifest.xml:64:13-69
	android:configChanges
		ADDED from src/main/AndroidManifest.xml:63:13-74
	android:theme
		ADDED from src/main/AndroidManifest.xml:65:13-51
	android:name
		ADDED from src/main/AndroidManifest.xml:62:13-45
activity#br.com.twautomacao.safetycontrolsms.SobreActivity
ADDED from src/main/AndroidManifest.xml:68:9-71:24
	android:label
		ADDED from src/main/AndroidManifest.xml:70:13-57
	android:name
		ADDED from src/main/AndroidManifest.xml:69:13-42